{"log.level":"INFO","@timestamp":"2025-08-30T15:45:15.089+0800","message":"Connect layer server id","server_id":"ws-2ooiQF3rBpaL6kjUGoXn5a","ecs.version":"1.6.0"}
{"log.level":"INFO","@timestamp":"2025-08-30T15:48:44.563+0800","message":"Connect layer server id","server_id":"ws-WmthRncyA33UYpgJ92XY97","ecs.version":"1.6.0"}
{"log.level":"INFO","@timestamp":"2025-08-30T15:49:58.054+0800","message":"Connect layer server id","server_id":"ws-8BkN3HjBnW3FGFeoVavmoM","ecs.version":"1.6.0"}
{"log.level":"INFO","@timestamp":"2025-08-30T15:59:50.904+0800","message":"Connect layer server id","server_id":"ws-5QiqNvxzmu8ABfwgQLmTEY","ecs.version":"1.6.0"}
{"log.level":"INFO","@timestamp":"2025-08-30T16:00:29.106+0800","message":"get a message ","body":"{\r\n\t\"authToken\": \"2222222\",\r\n\t\"roomId\": 1,\r\n\t\"serverId\": \"abc\"\r\n}","ecs.version":"1.6.0"}
{"log.level":"INFO","@timestamp":"2025-08-30T16:00:29.106+0800","message":"websocket rpc call return userId:%d,RoomId:%d","userId":1024,"RoomId":1,"ecs.version":"1.6.0"}
{"log.level":"INFO","@timestamp":"2025-08-30T16:00:29.107+0800","message":"start exec disConnect ...","ecs.version":"1.6.0"}
{"log.level":"INFO","@timestamp":"2025-08-30T16:00:29.107+0800","message":"roomId and userId eq 0","ecs.version":"1.6.0"}
{"log.level":"INFO","@timestamp":"2025-08-30T16:01:05.030+0800","message":"Connect layer server id","server_id":"ws-Vc37jsba1dEBQ1kiW6ZjCf","ecs.version":"1.6.0"}
{"log.level":"INFO","@timestamp":"2025-08-30T16:02:19.071+0800","message":"websocket.PingMessage ","type":9,"ecs.version":"1.6.0"}
{"log.level":"INFO","@timestamp":"2025-08-30T16:03:13.071+0800","message":"websocket.PingMessage ","type":9,"ecs.version":"1.6.0"}
{"log.level":"ERROR","@timestamp":"2025-08-30T16:03:21.071+0800","message":"readPump ReadMessage err  ","err":"websocket: close 1000 (normal): Normal connection closure","ecs.version":"1.6.0"}
{"log.level":"INFO","@timestamp":"2025-08-30T16:03:21.071+0800","message":"start exec disConnect ...","ecs.version":"1.6.0"}
{"log.level":"INFO","@timestamp":"2025-08-30T16:03:21.071+0800","message":"roomId and userId eq 0","ecs.version":"1.6.0"}
{"log.level":"INFO","@timestamp":"2025-08-30T16:03:34.350+0800","message":"Connect layer server id","server_id":"ws-XNQgRchUnFz73Xw7JsAaQi","ecs.version":"1.6.0"}
{"log.level":"INFO","@timestamp":"2025-08-30T16:09:42.708+0800","message":"Connect layer server id","server_id":"ws-H4yb2BCw1ekLmcMhamj3bw","ecs.version":"1.6.0"}
{"log.level":"INFO","@timestamp":"2025-08-30T16:10:02.016+0800","message":"get a message ","body":"{\"authToken\":\"335b084462661fd119cd3c3177675876.784295420ee585d7232b9a0ffc4eb9dd\",\"roomId\":1,\"serverId\":\"local\",\"type\":\"h5\"}","ecs.version":"1.6.0"}
{"log.level":"INFO","@timestamp":"2025-08-30T16:10:02.017+0800","message":"websocket rpc call return userId:%d,RoomId:%d","userId":1024,"RoomId":1,"ecs.version":"1.6.0"}
{"log.level":"INFO","@timestamp":"2025-08-30T16:10:02.017+0800","message":"start exec disConnect ...","ecs.version":"1.6.0"}
{"log.level":"INFO","@timestamp":"2025-08-30T16:10:02.017+0800","message":"roomId and userId eq 0","ecs.version":"1.6.0"}
{"log.level":"INFO","@timestamp":"2025-08-30T16:13:35.139+0800","message":"Connect layer server id","server_id":"ws-79N5VkhdqsZMwiBa5WxXRB","ecs.version":"1.6.0"}
{"log.level":"INFO","@timestamp":"2025-08-30T16:13:57.133+0800","message":"get a message ","body":"{\"authToken\":\"335b084462661fd119cd3c3177675876.784295420ee585d7232b9a0ffc4eb9dd\",\"roomId\":1,\"serverId\":\"local\",\"type\":\"h5\"}","ecs.version":"1.6.0"}
{"log.level":"INFO","@timestamp":"2025-08-30T16:13:57.133+0800","message":"websocket rpc call return userId:%d,RoomId:%d","userId":1024,"RoomId":1,"ecs.version":"1.6.0"}
{"log.level":"INFO","@timestamp":"2025-08-30T16:14:03.119+0800","message":"start exec disConnect ...","ecs.version":"1.6.0"}
{"log.level":"INFO","@timestamp":"2025-08-30T16:14:03.120+0800","message":"exec disConnect ...","ecs.version":"1.6.0"}
{"log.level":"INFO","@timestamp":"2025-08-30T16:14:35.061+0800","message":"get a message ","body":"{\"authToken\":\"335b084462661fd119cd3c3177675876.784295420ee585d7232b9a0ffc4eb9dd\",\"roomId\":1,\"serverId\":\"local\",\"type\":\"h5\"}","ecs.version":"1.6.0"}
{"log.level":"INFO","@timestamp":"2025-08-30T16:14:35.061+0800","message":"websocket rpc call return userId:%d,RoomId:%d","userId":1024,"RoomId":1,"ecs.version":"1.6.0"}
{"log.level":"INFO","@timestamp":"2025-08-30T16:14:40.059+0800","message":"start exec disConnect ...","ecs.version":"1.6.0"}
{"log.level":"INFO","@timestamp":"2025-08-30T16:14:40.060+0800","message":"exec disConnect ...","ecs.version":"1.6.0"}
{"log.level":"INFO","@timestamp":"2025-08-30T16:14:43.664+0800","message":"get a message ","body":"{\"authToken\":\"335b084462661fd119cd3c3177675876.784295420ee585d7232b9a0ffc4eb9dd\",\"roomId\":1,\"serverId\":\"local\",\"type\":\"h5\"}","ecs.version":"1.6.0"}
{"log.level":"INFO","@timestamp":"2025-08-30T16:14:43.665+0800","message":"websocket rpc call return userId:%d,RoomId:%d","userId":1024,"RoomId":1,"ecs.version":"1.6.0"}
{"log.level":"INFO","@timestamp":"2025-08-30T16:14:48.671+0800","message":"start exec disConnect ...","ecs.version":"1.6.0"}
{"log.level":"INFO","@timestamp":"2025-08-30T16:14:48.672+0800","message":"exec disConnect ...","ecs.version":"1.6.0"}
{"log.level":"INFO","@timestamp":"2025-08-30T16:14:51.129+0800","message":"websocket.PingMessage ","type":9,"ecs.version":"1.6.0"}
{"log.level":"INFO","@timestamp":"2025-08-30T16:14:53.676+0800","message":"get a message ","body":"{\"authToken\":\"335b084462661fd119cd3c3177675876.784295420ee585d7232b9a0ffc4eb9dd\",\"roomId\":1,\"serverId\":\"local\",\"type\":\"h5\"}","ecs.version":"1.6.0"}
{"log.level":"INFO","@timestamp":"2025-08-30T16:14:53.676+0800","message":"websocket rpc call return userId:%d,RoomId:%d","userId":1024,"RoomId":1,"ecs.version":"1.6.0"}
{"log.level":"INFO","@timestamp":"2025-08-30T16:14:58.687+0800","message":"start exec disConnect ...","ecs.version":"1.6.0"}
{"log.level":"INFO","@timestamp":"2025-08-30T16:14:58.687+0800","message":"exec disConnect ...","ecs.version":"1.6.0"}
{"log.level":"INFO","@timestamp":"2025-08-30T16:15:03.674+0800","message":"get a message ","body":"{\"authToken\":\"335b084462661fd119cd3c3177675876.784295420ee585d7232b9a0ffc4eb9dd\",\"roomId\":1,\"serverId\":\"local\",\"type\":\"h5\"}","ecs.version":"1.6.0"}
{"log.level":"INFO","@timestamp":"2025-08-30T16:15:03.674+0800","message":"websocket rpc call return userId:%d,RoomId:%d","userId":1024,"RoomId":1,"ecs.version":"1.6.0"}
{"log.level":"INFO","@timestamp":"2025-08-30T16:15:09.116+0800","message":"start exec disConnect ...","ecs.version":"1.6.0"}
{"log.level":"INFO","@timestamp":"2025-08-30T16:15:09.117+0800","message":"exec disConnect ...","ecs.version":"1.6.0"}
{"log.level":"INFO","@timestamp":"2025-08-30T16:15:13.667+0800","message":"get a message ","body":"{\"authToken\":\"335b084462661fd119cd3c3177675876.784295420ee585d7232b9a0ffc4eb9dd\",\"roomId\":1,\"serverId\":\"local\",\"type\":\"h5\"}","ecs.version":"1.6.0"}
{"log.level":"INFO","@timestamp":"2025-08-30T16:15:13.667+0800","message":"websocket rpc call return userId:%d,RoomId:%d","userId":1024,"RoomId":1,"ecs.version":"1.6.0"}
{"log.level":"INFO","@timestamp":"2025-08-30T16:15:18.669+0800","message":"start exec disConnect ...","ecs.version":"1.6.0"}
{"log.level":"INFO","@timestamp":"2025-08-30T16:15:18.669+0800","message":"exec disConnect ...","ecs.version":"1.6.0"}
{"log.level":"INFO","@timestamp":"2025-08-30T16:15:23.674+0800","message":"get a message ","body":"{\"authToken\":\"335b084462661fd119cd3c3177675876.784295420ee585d7232b9a0ffc4eb9dd\",\"roomId\":1,\"serverId\":\"local\",\"type\":\"h5\"}","ecs.version":"1.6.0"}
{"log.level":"INFO","@timestamp":"2025-08-30T16:15:23.674+0800","message":"websocket rpc call return userId:%d,RoomId:%d","userId":1024,"RoomId":1,"ecs.version":"1.6.0"}
{"log.level":"INFO","@timestamp":"2025-08-30T16:15:28.675+0800","message":"start exec disConnect ...","ecs.version":"1.6.0"}
{"log.level":"INFO","@timestamp":"2025-08-30T16:15:28.676+0800","message":"exec disConnect ...","ecs.version":"1.6.0"}
{"log.level":"INFO","@timestamp":"2025-08-30T16:15:28.951+0800","message":"websocket.PingMessage ","type":9,"ecs.version":"1.6.0"}
{"log.level":"INFO","@timestamp":"2025-08-30T16:15:34.117+0800","message":"get a message ","body":"{\"authToken\":\"335b084462661fd119cd3c3177675876.784295420ee585d7232b9a0ffc4eb9dd\",\"roomId\":1,\"serverId\":\"local\",\"type\":\"h5\"}","ecs.version":"1.6.0"}
{"log.level":"INFO","@timestamp":"2025-08-30T16:15:34.117+0800","message":"websocket rpc call return userId:%d,RoomId:%d","userId":1024,"RoomId":1,"ecs.version":"1.6.0"}
{"log.level":"INFO","@timestamp":"2025-08-30T16:15:37.662+0800","message":"websocket.PingMessage ","type":9,"ecs.version":"1.6.0"}
{"log.level":"INFO","@timestamp":"2025-08-30T16:15:40.120+0800","message":"start exec disConnect ...","ecs.version":"1.6.0"}
{"log.level":"INFO","@timestamp":"2025-08-30T16:15:40.121+0800","message":"exec disConnect ...","ecs.version":"1.6.0"}
{"log.level":"INFO","@timestamp":"2025-08-30T16:15:44.116+0800","message":"get a message ","body":"{\"authToken\":\"335b084462661fd119cd3c3177675876.784295420ee585d7232b9a0ffc4eb9dd\",\"roomId\":1,\"serverId\":\"local\",\"type\":\"h5\"}","ecs.version":"1.6.0"}
{"log.level":"INFO","@timestamp":"2025-08-30T16:15:44.116+0800","message":"websocket rpc call return userId:%d,RoomId:%d","userId":1024,"RoomId":1,"ecs.version":"1.6.0"}
{"log.level":"INFO","@timestamp":"2025-08-30T16:15:47.676+0800","message":"websocket.PingMessage ","type":9,"ecs.version":"1.6.0"}
{"log.level":"INFO","@timestamp":"2025-08-30T16:15:50.117+0800","message":"start exec disConnect ...","ecs.version":"1.6.0"}
{"log.level":"INFO","@timestamp":"2025-08-30T16:15:50.117+0800","message":"exec disConnect ...","ecs.version":"1.6.0"}
{"log.level":"INFO","@timestamp":"2025-08-30T16:15:54.125+0800","message":"get a message ","body":"{\"authToken\":\"335b084462661fd119cd3c3177675876.784295420ee585d7232b9a0ffc4eb9dd\",\"roomId\":1,\"serverId\":\"local\",\"type\":\"h5\"}","ecs.version":"1.6.0"}
{"log.level":"INFO","@timestamp":"2025-08-30T16:15:54.126+0800","message":"websocket rpc call return userId:%d,RoomId:%d","userId":1024,"RoomId":1,"ecs.version":"1.6.0"}
{"log.level":"INFO","@timestamp":"2025-08-30T16:15:57.674+0800","message":"websocket.PingMessage ","type":9,"ecs.version":"1.6.0"}
{"log.level":"INFO","@timestamp":"2025-08-30T16:16:00.118+0800","message":"start exec disConnect ...","ecs.version":"1.6.0"}
{"log.level":"INFO","@timestamp":"2025-08-30T16:16:00.119+0800","message":"exec disConnect ...","ecs.version":"1.6.0"}
{"log.level":"INFO","@timestamp":"2025-08-30T16:16:04.115+0800","message":"get a message ","body":"{\"authToken\":\"335b084462661fd119cd3c3177675876.784295420ee585d7232b9a0ffc4eb9dd\",\"roomId\":1,\"serverId\":\"local\",\"type\":\"h5\"}","ecs.version":"1.6.0"}
{"log.level":"INFO","@timestamp":"2025-08-30T16:16:04.116+0800","message":"websocket rpc call return userId:%d,RoomId:%d","userId":1024,"RoomId":1,"ecs.version":"1.6.0"}
{"log.level":"INFO","@timestamp":"2025-08-30T16:16:07.667+0800","message":"websocket.PingMessage ","type":9,"ecs.version":"1.6.0"}
{"log.level":"INFO","@timestamp":"2025-08-30T16:16:10.117+0800","message":"start exec disConnect ...","ecs.version":"1.6.0"}
{"log.level":"INFO","@timestamp":"2025-08-30T16:16:10.117+0800","message":"exec disConnect ...","ecs.version":"1.6.0"}
{"log.level":"INFO","@timestamp":"2025-08-30T16:16:14.117+0800","message":"get a message ","body":"{\"authToken\":\"335b084462661fd119cd3c3177675876.784295420ee585d7232b9a0ffc4eb9dd\",\"roomId\":1,\"serverId\":\"local\",\"type\":\"h5\"}","ecs.version":"1.6.0"}
{"log.level":"INFO","@timestamp":"2025-08-30T16:16:14.118+0800","message":"websocket rpc call return userId:%d,RoomId:%d","userId":1024,"RoomId":1,"ecs.version":"1.6.0"}
{"log.level":"INFO","@timestamp":"2025-08-30T16:16:17.674+0800","message":"websocket.PingMessage ","type":9,"ecs.version":"1.6.0"}
{"log.level":"INFO","@timestamp":"2025-08-30T16:16:20.109+0800","message":"start exec disConnect ...","ecs.version":"1.6.0"}
{"log.level":"INFO","@timestamp":"2025-08-30T16:16:20.109+0800","message":"exec disConnect ...","ecs.version":"1.6.0"}
{"log.level":"INFO","@timestamp":"2025-08-30T16:16:24.113+0800","message":"get a message ","body":"{\"authToken\":\"335b084462661fd119cd3c3177675876.784295420ee585d7232b9a0ffc4eb9dd\",\"roomId\":1,\"serverId\":\"local\",\"type\":\"h5\"}","ecs.version":"1.6.0"}
{"log.level":"INFO","@timestamp":"2025-08-30T16:16:24.114+0800","message":"websocket rpc call return userId:%d,RoomId:%d","userId":1024,"RoomId":1,"ecs.version":"1.6.0"}
{"log.level":"INFO","@timestamp":"2025-08-30T16:16:28.117+0800","message":"websocket.PingMessage ","type":9,"ecs.version":"1.6.0"}
{"log.level":"INFO","@timestamp":"2025-08-30T16:16:30.118+0800","message":"start exec disConnect ...","ecs.version":"1.6.0"}
{"log.level":"INFO","@timestamp":"2025-08-30T16:16:30.119+0800","message":"exec disConnect ...","ecs.version":"1.6.0"}
{"log.level":"INFO","@timestamp":"2025-08-30T16:16:38.116+0800","message":"websocket.PingMessage ","type":9,"ecs.version":"1.6.0"}
{"log.level":"INFO","@timestamp":"2025-08-30T16:16:48.124+0800","message":"websocket.PingMessage ","type":9,"ecs.version":"1.6.0"}
{"log.level":"INFO","@timestamp":"2025-08-30T16:16:57.116+0800","message":"get a message ","body":"{\"authToken\":\"335b084462661fd119cd3c3177675876.784295420ee585d7232b9a0ffc4eb9dd\",\"roomId\":1,\"serverId\":\"local\",\"type\":\"h5\"}","ecs.version":"1.6.0"}
{"log.level":"INFO","@timestamp":"2025-08-30T16:16:57.116+0800","message":"websocket rpc call return userId:%d,RoomId:%d","userId":1024,"RoomId":1,"ecs.version":"1.6.0"}
{"log.level":"INFO","@timestamp":"2025-08-30T16:16:58.115+0800","message":"websocket.PingMessage ","type":9,"ecs.version":"1.6.0"}
{"log.level":"INFO","@timestamp":"2025-08-30T16:17:03.107+0800","message":"start exec disConnect ...","ecs.version":"1.6.0"}
{"log.level":"INFO","@timestamp":"2025-08-30T16:17:03.108+0800","message":"exec disConnect ...","ecs.version":"1.6.0"}
{"log.level":"INFO","@timestamp":"2025-08-30T16:17:08.116+0800","message":"websocket.PingMessage ","type":9,"ecs.version":"1.6.0"}
{"log.level":"INFO","@timestamp":"2025-08-30T16:17:12.767+0800","message":"get a message ","body":"{\"authToken\":\"335b084462661fd119cd3c3177675876.784295420ee585d7232b9a0ffc4eb9dd\",\"roomId\":1,\"serverId\":\"local\",\"type\":\"h5\"}","ecs.version":"1.6.0"}
{"log.level":"INFO","@timestamp":"2025-08-30T16:17:12.768+0800","message":"websocket rpc call return userId:%d,RoomId:%d","userId":1024,"RoomId":1,"ecs.version":"1.6.0"}
{"log.level":"INFO","@timestamp":"2025-08-30T16:17:13.566+0800","message":"start exec disConnect ...","ecs.version":"1.6.0"}
{"log.level":"INFO","@timestamp":"2025-08-30T16:17:13.567+0800","message":"exec disConnect ...","ecs.version":"1.6.0"}
{"log.level":"INFO","@timestamp":"2025-08-30T16:17:18.113+0800","message":"websocket.PingMessage ","type":9,"ecs.version":"1.6.0"}
{"log.level":"INFO","@timestamp":"2025-08-30T16:17:30.522+0800","message":"Connect layer server id","server_id":"ws-J7CzuG9hMoouyi5HbxZc7a","ecs.version":"1.6.0"}
{"log.level":"INFO","@timestamp":"2025-08-30T16:26:53.484+0800","message":"Connect layer server id","server_id":"ws-TPoit1nx9XprH9NHeRDG3V","ecs.version":"1.6.0"}
{"log.level":"INFO","@timestamp":"2025-08-30T16:26:57.426+0800","message":"get a message ","body":"{\"authToken\":\"335b084462661fd119cd3c3177675876.015dfea6d7c9130b56bbcf6a8e23e45a\",\"roomId\":1,\"serverId\":\"local\",\"type\":\"h5\"}","ecs.version":"1.6.0"}
{"log.level":"INFO","@timestamp":"2025-08-30T16:26:57.426+0800","message":"websocket rpc call return userId:%d,RoomId:%d","userId":1024,"RoomId":1,"ecs.version":"1.6.0"}
{"log.level":"INFO","@timestamp":"2025-08-30T16:27:03.107+0800","message":"start exec disConnect ...","ecs.version":"1.6.0"}
{"log.level":"INFO","@timestamp":"2025-08-30T16:27:03.108+0800","message":"exec disConnect ...","ecs.version":"1.6.0"}
{"log.level":"INFO","@timestamp":"2025-08-30T16:35:51.124+0800","message":"Connect layer server id","server_id":"ws-9EhV81UvFWiw53sYYk3YY","ecs.version":"1.6.0"}
{"log.level":"INFO","@timestamp":"2025-08-30T16:36:12.793+0800","message":"Connect layer server id","server_id":"ws-Px9X7qiv8ojzTJGijSUJFZ","ecs.version":"1.6.0"}
{"log.level":"INFO","@timestamp":"2025-08-30T16:39:30.991+0800","message":"Connect layer server id","server_id":"ws-V9CbCzmW8JfLjDzv7nPeWi","ecs.version":"1.6.0"}
{"log.level":"INFO","@timestamp":"2025-08-30T16:54:58.940+0800","message":"Connect layer server id","server_id":"ws-9YnkmxHN4FZs1FRXLVHA4X","ecs.version":"1.6.0"}
{"log.level":"INFO","@timestamp":"2025-08-30T17:02:34.254+0800","message":"Connect layer server id","server_id":"ws-QR3qP8YgoYZFAX9cpRyako","ecs.version":"1.6.0"}
{"log.level":"INFO","@timestamp":"2025-08-30T17:16:59.517+0800","message":"Connect layer server id","server_id":"ws-K4ZsHdTGVcxzVfhsu6by9R","ecs.version":"1.6.0"}
{"log.level":"INFO","@timestamp":"2025-08-30T17:17:57.121+0800","message":"get a message ","body":"{\"authToken\":\"335b084462661fd119cd3c3177675876.5c33664d6d7ff5c408658ec48991bacb\",\"roomId\":1,\"serverId\":\"local\",\"type\":\"h5\"}","ecs.version":"1.6.0"}
{"log.level":"INFO","@timestamp":"2025-08-30T17:17:57.121+0800","message":"websocket rpc call return userId:%d,RoomId:%d","userId":1024,"RoomId":1,"ecs.version":"1.6.0"}
{"log.level":"INFO","@timestamp":"2025-08-30T17:18:03.120+0800","message":"start exec disConnect ...","ecs.version":"1.6.0"}
{"log.level":"INFO","@timestamp":"2025-08-30T17:18:03.121+0800","message":"exec disConnect ...","ecs.version":"1.6.0"}
{"log.level":"INFO","@timestamp":"2025-08-30T17:18:17.377+0800","message":"Connect layer server id","server_id":"ws-EYM6Uzb9rz8GNfyJUmKytm","ecs.version":"1.6.0"}
{"log.level":"INFO","@timestamp":"2025-08-30T17:18:35.720+0800","message":"get a message ","body":"{\"authToken\":\"335b084462661fd119cd3c3177675876.5c33664d6d7ff5c408658ec48991bacb\",\"roomId\":1,\"serverId\":\"local\",\"type\":\"h5\"}","ecs.version":"1.6.0"}
{"log.level":"INFO","@timestamp":"2025-08-30T17:18:35.720+0800","message":"websocket rpc call return userId:%d,RoomId:%d","userId":1024,"RoomId":1,"ecs.version":"1.6.0"}
{"log.level":"INFO","@timestamp":"2025-08-30T17:18:40.721+0800","message":"start exec disConnect ...","ecs.version":"1.6.0"}
{"log.level":"INFO","@timestamp":"2025-08-30T17:18:40.721+0800","message":"exec disConnect ...","ecs.version":"1.6.0"}
{"log.level":"INFO","@timestamp":"2025-08-30T17:18:42.129+0800","message":"get a message ","body":"{\"authToken\":\"335b084462661fd119cd3c3177675876.5c33664d6d7ff5c408658ec48991bacb\",\"roomId\":1,\"serverId\":\"local\",\"type\":\"h5\"}","ecs.version":"1.6.0"}
{"log.level":"INFO","@timestamp":"2025-08-30T17:18:42.129+0800","message":"websocket rpc call return userId:%d,RoomId:%d","userId":1024,"RoomId":1,"ecs.version":"1.6.0"}
{"log.level":"INFO","@timestamp":"2025-08-30T17:18:46.053+0800","message":"start exec disConnect ...","ecs.version":"1.6.0"}
{"log.level":"INFO","@timestamp":"2025-08-30T17:18:46.053+0800","message":"exec disConnect ...","ecs.version":"1.6.0"}
{"log.level":"INFO","@timestamp":"2025-08-30T17:18:49.657+0800","message":"Connect layer server id","server_id":"ws-72g6fwqXxUNqjsbN4ySUS4","ecs.version":"1.6.0"}
{"log.level":"INFO","@timestamp":"2025-08-30T17:19:39.250+0800","message":"Connect layer server id","server_id":"ws-WeZwPR3TjtYGjahsvCBfkk","ecs.version":"1.6.0"}
{"log.level":"INFO","@timestamp":"2025-08-30T17:19:51.146+0800","message":"get a message ","body":"{\r\n\t\"authToken\": \"2222222\",\r\n\t\"roomId\": 1,\r\n\t\"serverId\": \"abc\"\r\n}","ecs.version":"1.6.0"}
{"log.level":"INFO","@timestamp":"2025-08-30T17:19:51.146+0800","message":"websocket rpc call return userId:%d,RoomId:%d","userId":1024,"RoomId":1,"ecs.version":"1.6.0"}
{"log.level":"INFO","@timestamp":"2025-08-30T17:20:12.476+0800","message":"Connect layer server id","server_id":"ws-CUVMmkRS3pmdQA55EmHvjZ","ecs.version":"1.6.0"}
{"log.level":"INFO","@timestamp":"2025-08-30T17:21:34.889+0800","message":"Connect layer server id","server_id":"ws-3Sbuy6My5S6E7CsCofggNo","ecs.version":"1.6.0"}
{"log.level":"INFO","@timestamp":"2025-08-30T17:24:42.916+0800","message":"Connect layer server id","server_id":"ws-Uh5CgfCaiqi3t3RgGnCfL8","ecs.version":"1.6.0"}
{"log.level":"INFO","@timestamp":"2025-08-30T17:25:38.671+0800","message":"get a message ","body":"{\"authToken\":\"335b084462661fd119cd3c3177675876.50b1a1e0000f6fde394850bba9ecd301\",\"roomId\":1,\"serverId\":\"local\",\"type\":\"h5\"}","ecs.version":"1.6.0"}
{"log.level":"INFO","@timestamp":"2025-08-30T17:25:38.671+0800","message":"websocket rpc call return userId:%d,RoomId:%d","userId":1024,"RoomId":1,"ecs.version":"1.6.0"}
{"log.level":"INFO","@timestamp":"2025-08-30T17:25:43.675+0800","message":"start exec disConnect ...","ecs.version":"1.6.0"}
{"log.level":"INFO","@timestamp":"2025-08-30T17:25:43.675+0800","message":"exec disConnect ...","ecs.version":"1.6.0"}
{"log.level":"INFO","@timestamp":"2025-08-30T17:25:48.681+0800","message":"get a message ","body":"{\"authToken\":\"335b084462661fd119cd3c3177675876.50b1a1e0000f6fde394850bba9ecd301\",\"roomId\":1,\"serverId\":\"local\",\"type\":\"h5\"}","ecs.version":"1.6.0"}
{"log.level":"INFO","@timestamp":"2025-08-30T17:25:48.682+0800","message":"websocket rpc call return userId:%d,RoomId:%d","userId":1024,"RoomId":1,"ecs.version":"1.6.0"}
{"log.level":"INFO","@timestamp":"2025-08-30T17:25:53.691+0800","message":"start exec disConnect ...","ecs.version":"1.6.0"}
{"log.level":"INFO","@timestamp":"2025-08-30T17:25:53.691+0800","message":"exec disConnect ...","ecs.version":"1.6.0"}
{"log.level":"INFO","@timestamp":"2025-08-30T17:25:58.681+0800","message":"get a message ","body":"{\"authToken\":\"335b084462661fd119cd3c3177675876.50b1a1e0000f6fde394850bba9ecd301\",\"roomId\":1,\"serverId\":\"local\",\"type\":\"h5\"}","ecs.version":"1.6.0"}
{"log.level":"INFO","@timestamp":"2025-08-30T17:25:58.681+0800","message":"websocket rpc call return userId:%d,RoomId:%d","userId":1024,"RoomId":1,"ecs.version":"1.6.0"}
{"log.level":"INFO","@timestamp":"2025-08-30T17:26:03.687+0800","message":"start exec disConnect ...","ecs.version":"1.6.0"}
{"log.level":"INFO","@timestamp":"2025-08-30T17:26:03.687+0800","message":"exec disConnect ...","ecs.version":"1.6.0"}
{"log.level":"INFO","@timestamp":"2025-08-30T17:26:08.681+0800","message":"get a message ","body":"{\"authToken\":\"335b084462661fd119cd3c3177675876.50b1a1e0000f6fde394850bba9ecd301\",\"roomId\":1,\"serverId\":\"local\",\"type\":\"h5\"}","ecs.version":"1.6.0"}
{"log.level":"INFO","@timestamp":"2025-08-30T17:26:08.682+0800","message":"websocket rpc call return userId:%d,RoomId:%d","userId":1024,"RoomId":1,"ecs.version":"1.6.0"}
{"log.level":"INFO","@timestamp":"2025-08-30T17:26:13.693+0800","message":"start exec disConnect ...","ecs.version":"1.6.0"}
{"log.level":"INFO","@timestamp":"2025-08-30T17:26:13.693+0800","message":"exec disConnect ...","ecs.version":"1.6.0"}
{"log.level":"INFO","@timestamp":"2025-08-30T17:26:18.673+0800","message":"get a message ","body":"{\"authToken\":\"335b084462661fd119cd3c3177675876.50b1a1e0000f6fde394850bba9ecd301\",\"roomId\":1,\"serverId\":\"local\",\"type\":\"h5\"}","ecs.version":"1.6.0"}
{"log.level":"INFO","@timestamp":"2025-08-30T17:26:18.673+0800","message":"websocket rpc call return userId:%d,RoomId:%d","userId":1024,"RoomId":1,"ecs.version":"1.6.0"}
{"log.level":"INFO","@timestamp":"2025-08-30T17:26:23.673+0800","message":"start exec disConnect ...","ecs.version":"1.6.0"}
{"log.level":"INFO","@timestamp":"2025-08-30T17:26:23.674+0800","message":"exec disConnect ...","ecs.version":"1.6.0"}
{"log.level":"INFO","@timestamp":"2025-08-30T17:26:28.671+0800","message":"get a message ","body":"{\"authToken\":\"335b084462661fd119cd3c3177675876.50b1a1e0000f6fde394850bba9ecd301\",\"roomId\":1,\"serverId\":\"local\",\"type\":\"h5\"}","ecs.version":"1.6.0"}
{"log.level":"INFO","@timestamp":"2025-08-30T17:26:28.671+0800","message":"websocket rpc call return userId:%d,RoomId:%d","userId":1024,"RoomId":1,"ecs.version":"1.6.0"}
{"log.level":"INFO","@timestamp":"2025-08-30T17:26:32.670+0800","message":"websocket.PingMessage ","type":9,"ecs.version":"1.6.0"}
{"log.level":"INFO","@timestamp":"2025-08-30T17:26:33.678+0800","message":"start exec disConnect ...","ecs.version":"1.6.0"}
{"log.level":"INFO","@timestamp":"2025-08-30T17:26:33.678+0800","message":"exec disConnect ...","ecs.version":"1.6.0"}
{"log.level":"INFO","@timestamp":"2025-08-30T17:26:38.682+0800","message":"get a message ","body":"{\"authToken\":\"335b084462661fd119cd3c3177675876.50b1a1e0000f6fde394850bba9ecd301\",\"roomId\":1,\"serverId\":\"local\",\"type\":\"h5\"}","ecs.version":"1.6.0"}
{"log.level":"INFO","@timestamp":"2025-08-30T17:26:38.682+0800","message":"websocket rpc call return userId:%d,RoomId:%d","userId":1024,"RoomId":1,"ecs.version":"1.6.0"}
{"log.level":"INFO","@timestamp":"2025-08-30T17:26:42.681+0800","message":"websocket.PingMessage ","type":9,"ecs.version":"1.6.0"}
{"log.level":"INFO","@timestamp":"2025-08-30T17:26:43.697+0800","message":"start exec disConnect ...","ecs.version":"1.6.0"}
{"log.level":"INFO","@timestamp":"2025-08-30T17:26:43.697+0800","message":"exec disConnect ...","ecs.version":"1.6.0"}
{"log.level":"INFO","@timestamp":"2025-08-30T17:26:48.675+0800","message":"get a message ","body":"{\"authToken\":\"335b084462661fd119cd3c3177675876.50b1a1e0000f6fde394850bba9ecd301\",\"roomId\":1,\"serverId\":\"local\",\"type\":\"h5\"}","ecs.version":"1.6.0"}
{"log.level":"INFO","@timestamp":"2025-08-30T17:26:48.675+0800","message":"websocket rpc call return userId:%d,RoomId:%d","userId":1024,"RoomId":1,"ecs.version":"1.6.0"}
{"log.level":"INFO","@timestamp":"2025-08-30T17:26:52.680+0800","message":"websocket.PingMessage ","type":9,"ecs.version":"1.6.0"}
{"log.level":"INFO","@timestamp":"2025-08-30T17:26:53.680+0800","message":"start exec disConnect ...","ecs.version":"1.6.0"}
{"log.level":"INFO","@timestamp":"2025-08-30T17:26:53.681+0800","message":"exec disConnect ...","ecs.version":"1.6.0"}
{"log.level":"INFO","@timestamp":"2025-08-30T17:26:58.671+0800","message":"get a message ","body":"{\"authToken\":\"335b084462661fd119cd3c3177675876.50b1a1e0000f6fde394850bba9ecd301\",\"roomId\":1,\"serverId\":\"local\",\"type\":\"h5\"}","ecs.version":"1.6.0"}
{"log.level":"INFO","@timestamp":"2025-08-30T17:26:58.671+0800","message":"websocket rpc call return userId:%d,RoomId:%d","userId":1024,"RoomId":1,"ecs.version":"1.6.0"}
{"log.level":"INFO","@timestamp":"2025-08-30T17:27:02.681+0800","message":"websocket.PingMessage ","type":9,"ecs.version":"1.6.0"}
{"log.level":"INFO","@timestamp":"2025-08-30T17:27:03.681+0800","message":"start exec disConnect ...","ecs.version":"1.6.0"}
{"log.level":"INFO","@timestamp":"2025-08-30T17:27:03.681+0800","message":"exec disConnect ...","ecs.version":"1.6.0"}
{"log.level":"INFO","@timestamp":"2025-08-30T17:27:09.109+0800","message":"get a message ","body":"{\"authToken\":\"335b084462661fd119cd3c3177675876.50b1a1e0000f6fde394850bba9ecd301\",\"roomId\":1,\"serverId\":\"local\",\"type\":\"h5\"}","ecs.version":"1.6.0"}
{"log.level":"INFO","@timestamp":"2025-08-30T17:27:09.109+0800","message":"websocket rpc call return userId:%d,RoomId:%d","userId":1024,"RoomId":1,"ecs.version":"1.6.0"}
{"log.level":"INFO","@timestamp":"2025-08-30T17:27:12.672+0800","message":"websocket.PingMessage ","type":9,"ecs.version":"1.6.0"}
{"log.level":"INFO","@timestamp":"2025-08-30T17:27:15.116+0800","message":"start exec disConnect ...","ecs.version":"1.6.0"}
{"log.level":"INFO","@timestamp":"2025-08-30T17:27:15.117+0800","message":"exec disConnect ...","ecs.version":"1.6.0"}
{"log.level":"INFO","@timestamp":"2025-08-30T17:27:19.117+0800","message":"get a message ","body":"{\"authToken\":\"335b084462661fd119cd3c3177675876.50b1a1e0000f6fde394850bba9ecd301\",\"roomId\":1,\"serverId\":\"local\",\"type\":\"h5\"}","ecs.version":"1.6.0"}
{"log.level":"INFO","@timestamp":"2025-08-30T17:27:19.118+0800","message":"websocket rpc call return userId:%d,RoomId:%d","userId":1024,"RoomId":1,"ecs.version":"1.6.0"}
{"log.level":"INFO","@timestamp":"2025-08-30T17:27:22.670+0800","message":"websocket.PingMessage ","type":9,"ecs.version":"1.6.0"}
{"log.level":"INFO","@timestamp":"2025-08-30T17:27:24.260+0800","message":"websocket.PingMessage ","type":9,"ecs.version":"1.6.0"}
{"log.level":"INFO","@timestamp":"2025-08-30T17:27:25.118+0800","message":"start exec disConnect ...","ecs.version":"1.6.0"}
{"log.level":"INFO","@timestamp":"2025-08-30T17:27:25.119+0800","message":"exec disConnect ...","ecs.version":"1.6.0"}
{"log.level":"INFO","@timestamp":"2025-08-30T17:27:28.670+0800","message":"get a message ","body":"{\"authToken\":\"335b084462661fd119cd3c3177675876.50b1a1e0000f6fde394850bba9ecd301\",\"roomId\":1,\"serverId\":\"local\",\"type\":\"h5\"}","ecs.version":"1.6.0"}
{"log.level":"INFO","@timestamp":"2025-08-30T17:27:28.670+0800","message":"websocket rpc call return userId:%d,RoomId:%d","userId":1024,"RoomId":1,"ecs.version":"1.6.0"}
{"log.level":"INFO","@timestamp":"2025-08-30T17:27:32.682+0800","message":"websocket.PingMessage ","type":9,"ecs.version":"1.6.0"}
{"log.level":"INFO","@timestamp":"2025-08-30T17:27:33.680+0800","message":"start exec disConnect ...","ecs.version":"1.6.0"}
{"log.level":"INFO","@timestamp":"2025-08-30T17:27:33.681+0800","message":"exec disConnect ...","ecs.version":"1.6.0"}
{"log.level":"INFO","@timestamp":"2025-08-30T17:27:39.134+0800","message":"get a message ","body":"{\"authToken\":\"335b084462661fd119cd3c3177675876.50b1a1e0000f6fde394850bba9ecd301\",\"roomId\":1,\"serverId\":\"local\",\"type\":\"h5\"}","ecs.version":"1.6.0"}
{"log.level":"INFO","@timestamp":"2025-08-30T17:27:39.134+0800","message":"websocket rpc call return userId:%d,RoomId:%d","userId":1024,"RoomId":1,"ecs.version":"1.6.0"}
{"log.level":"INFO","@timestamp":"2025-08-30T17:27:42.675+0800","message":"websocket.PingMessage ","type":9,"ecs.version":"1.6.0"}
{"log.level":"INFO","@timestamp":"2025-08-30T17:27:45.108+0800","message":"start exec disConnect ...","ecs.version":"1.6.0"}
{"log.level":"INFO","@timestamp":"2025-08-30T17:27:45.108+0800","message":"exec disConnect ...","ecs.version":"1.6.0"}
{"log.level":"INFO","@timestamp":"2025-08-30T17:27:49.119+0800","message":"get a message ","body":"{\"authToken\":\"335b084462661fd119cd3c3177675876.50b1a1e0000f6fde394850bba9ecd301\",\"roomId\":1,\"serverId\":\"local\",\"type\":\"h5\"}","ecs.version":"1.6.0"}
{"log.level":"INFO","@timestamp":"2025-08-30T17:27:49.119+0800","message":"websocket rpc call return userId:%d,RoomId:%d","userId":1024,"RoomId":1,"ecs.version":"1.6.0"}
{"log.level":"INFO","@timestamp":"2025-08-30T17:27:52.670+0800","message":"websocket.PingMessage ","type":9,"ecs.version":"1.6.0"}
{"log.level":"INFO","@timestamp":"2025-08-30T17:27:55.120+0800","message":"start exec disConnect ...","ecs.version":"1.6.0"}
{"log.level":"INFO","@timestamp":"2025-08-30T17:27:55.120+0800","message":"exec disConnect ...","ecs.version":"1.6.0"}
{"log.level":"INFO","@timestamp":"2025-08-30T17:27:59.121+0800","message":"get a message ","body":"{\"authToken\":\"335b084462661fd119cd3c3177675876.50b1a1e0000f6fde394850bba9ecd301\",\"roomId\":1,\"serverId\":\"local\",\"type\":\"h5\"}","ecs.version":"1.6.0"}
{"log.level":"INFO","@timestamp":"2025-08-30T17:27:59.121+0800","message":"websocket rpc call return userId:%d,RoomId:%d","userId":1024,"RoomId":1,"ecs.version":"1.6.0"}
{"log.level":"INFO","@timestamp":"2025-08-30T17:28:03.109+0800","message":"websocket.PingMessage ","type":9,"ecs.version":"1.6.0"}
{"log.level":"INFO","@timestamp":"2025-08-30T17:28:05.108+0800","message":"start exec disConnect ...","ecs.version":"1.6.0"}
{"log.level":"INFO","@timestamp":"2025-08-30T17:28:05.108+0800","message":"exec disConnect ...","ecs.version":"1.6.0"}
{"log.level":"INFO","@timestamp":"2025-08-30T17:28:09.126+0800","message":"get a message ","body":"{\"authToken\":\"335b084462661fd119cd3c3177675876.50b1a1e0000f6fde394850bba9ecd301\",\"roomId\":1,\"serverId\":\"local\",\"type\":\"h5\"}","ecs.version":"1.6.0"}
{"log.level":"INFO","@timestamp":"2025-08-30T17:28:09.127+0800","message":"websocket rpc call return userId:%d,RoomId:%d","userId":1024,"RoomId":1,"ecs.version":"1.6.0"}
{"log.level":"INFO","@timestamp":"2025-08-30T17:28:13.117+0800","message":"websocket.PingMessage ","type":9,"ecs.version":"1.6.0"}
{"log.level":"INFO","@timestamp":"2025-08-30T17:28:15.109+0800","message":"start exec disConnect ...","ecs.version":"1.6.0"}
{"log.level":"INFO","@timestamp":"2025-08-30T17:28:15.110+0800","message":"exec disConnect ...","ecs.version":"1.6.0"}
{"log.level":"INFO","@timestamp":"2025-08-30T17:28:18.260+0800","message":"websocket.PingMessage ","type":9,"ecs.version":"1.6.0"}
{"log.level":"INFO","@timestamp":"2025-08-30T17:28:19.124+0800","message":"get a message ","body":"{\"authToken\":\"335b084462661fd119cd3c3177675876.50b1a1e0000f6fde394850bba9ecd301\",\"roomId\":1,\"serverId\":\"local\",\"type\":\"h5\"}","ecs.version":"1.6.0"}
{"log.level":"INFO","@timestamp":"2025-08-30T17:28:19.125+0800","message":"websocket rpc call return userId:%d,RoomId:%d","userId":1024,"RoomId":1,"ecs.version":"1.6.0"}
{"log.level":"INFO","@timestamp":"2025-08-30T17:28:22.670+0800","message":"websocket.PingMessage ","type":9,"ecs.version":"1.6.0"}
{"log.level":"INFO","@timestamp":"2025-08-30T17:28:25.107+0800","message":"start exec disConnect ...","ecs.version":"1.6.0"}
{"log.level":"INFO","@timestamp":"2025-08-30T17:28:25.107+0800","message":"exec disConnect ...","ecs.version":"1.6.0"}
{"log.level":"INFO","@timestamp":"2025-08-30T17:28:29.119+0800","message":"get a message ","body":"{\"authToken\":\"335b084462661fd119cd3c3177675876.50b1a1e0000f6fde394850bba9ecd301\",\"roomId\":1,\"serverId\":\"local\",\"type\":\"h5\"}","ecs.version":"1.6.0"}
{"log.level":"INFO","@timestamp":"2025-08-30T17:28:29.119+0800","message":"websocket rpc call return userId:%d,RoomId:%d","userId":1024,"RoomId":1,"ecs.version":"1.6.0"}
{"log.level":"INFO","@timestamp":"2025-08-30T17:28:33.131+0800","message":"websocket.PingMessage ","type":9,"ecs.version":"1.6.0"}
{"log.level":"INFO","@timestamp":"2025-08-30T17:28:35.110+0800","message":"start exec disConnect ...","ecs.version":"1.6.0"}
{"log.level":"INFO","@timestamp":"2025-08-30T17:28:35.111+0800","message":"exec disConnect ...","ecs.version":"1.6.0"}
{"log.level":"INFO","@timestamp":"2025-08-30T17:28:43.119+0800","message":"websocket.PingMessage ","type":9,"ecs.version":"1.6.0"}
{"log.level":"INFO","@timestamp":"2025-08-30T17:28:43.868+0800","message":"get a message ","body":"{\"authToken\":\"335b084462661fd119cd3c3177675876.50b1a1e0000f6fde394850bba9ecd301\",\"roomId\":1,\"serverId\":\"local\",\"type\":\"h5\"}","ecs.version":"1.6.0"}
{"log.level":"INFO","@timestamp":"2025-08-30T17:28:43.868+0800","message":"websocket rpc call return userId:%d,RoomId:%d","userId":1024,"RoomId":1,"ecs.version":"1.6.0"}
{"log.level":"INFO","@timestamp":"2025-08-30T17:28:48.882+0800","message":"start exec disConnect ...","ecs.version":"1.6.0"}
{"log.level":"INFO","@timestamp":"2025-08-30T17:28:48.882+0800","message":"exec disConnect ...","ecs.version":"1.6.0"}
{"log.level":"INFO","@timestamp":"2025-08-30T17:28:53.120+0800","message":"websocket.PingMessage ","type":9,"ecs.version":"1.6.0"}
{"log.level":"INFO","@timestamp":"2025-08-30T17:28:54.112+0800","message":"get a message ","body":"{\"authToken\":\"335b084462661fd119cd3c3177675876.50b1a1e0000f6fde394850bba9ecd301\",\"roomId\":1,\"serverId\":\"local\",\"type\":\"h5\"}","ecs.version":"1.6.0"}
{"log.level":"INFO","@timestamp":"2025-08-30T17:28:54.113+0800","message":"websocket rpc call return userId:%d,RoomId:%d","userId":1024,"RoomId":1,"ecs.version":"1.6.0"}
{"log.level":"INFO","@timestamp":"2025-08-30T17:29:00.119+0800","message":"start exec disConnect ...","ecs.version":"1.6.0"}
{"log.level":"INFO","@timestamp":"2025-08-30T17:29:00.119+0800","message":"exec disConnect ...","ecs.version":"1.6.0"}
{"log.level":"INFO","@timestamp":"2025-08-30T17:29:03.125+0800","message":"websocket.PingMessage ","type":9,"ecs.version":"1.6.0"}
{"log.level":"INFO","@timestamp":"2025-08-30T17:29:04.115+0800","message":"get a message ","body":"{\"authToken\":\"335b084462661fd119cd3c3177675876.50b1a1e0000f6fde394850bba9ecd301\",\"roomId\":1,\"serverId\":\"local\",\"type\":\"h5\"}","ecs.version":"1.6.0"}
{"log.level":"INFO","@timestamp":"2025-08-30T17:29:04.116+0800","message":"websocket rpc call return userId:%d,RoomId:%d","userId":1024,"RoomId":1,"ecs.version":"1.6.0"}
{"log.level":"INFO","@timestamp":"2025-08-30T17:29:10.113+0800","message":"start exec disConnect ...","ecs.version":"1.6.0"}
{"log.level":"INFO","@timestamp":"2025-08-30T17:29:10.113+0800","message":"exec disConnect ...","ecs.version":"1.6.0"}
{"log.level":"INFO","@timestamp":"2025-08-30T17:29:12.260+0800","message":"websocket.PingMessage ","type":9,"ecs.version":"1.6.0"}
{"log.level":"INFO","@timestamp":"2025-08-30T17:29:13.123+0800","message":"websocket.PingMessage ","type":9,"ecs.version":"1.6.0"}
{"log.level":"INFO","@timestamp":"2025-08-30T17:29:14.111+0800","message":"get a message ","body":"{\"authToken\":\"335b084462661fd119cd3c3177675876.50b1a1e0000f6fde394850bba9ecd301\",\"roomId\":1,\"serverId\":\"local\",\"type\":\"h5\"}","ecs.version":"1.6.0"}
{"log.level":"INFO","@timestamp":"2025-08-30T17:29:14.111+0800","message":"websocket rpc call return userId:%d,RoomId:%d","userId":1024,"RoomId":1,"ecs.version":"1.6.0"}
{"log.level":"INFO","@timestamp":"2025-08-30T17:29:16.525+0800","message":"get a message ","body":"{\"authToken\":\"335b084462661fd119cd3c3177675876.50b1a1e0000f6fde394850bba9ecd301\",\"roomId\":1,\"serverId\":\"local\",\"type\":\"h5\"}","ecs.version":"1.6.0"}
{"log.level":"INFO","@timestamp":"2025-08-30T17:29:16.526+0800","message":"websocket rpc call return userId:%d,RoomId:%d","userId":1024,"RoomId":1,"ecs.version":"1.6.0"}
{"log.level":"INFO","@timestamp":"2025-08-30T17:29:20.108+0800","message":"start exec disConnect ...","ecs.version":"1.6.0"}
{"log.level":"INFO","@timestamp":"2025-08-30T17:29:20.108+0800","message":"exec disConnect ...","ecs.version":"1.6.0"}
{"log.level":"INFO","@timestamp":"2025-08-30T17:29:23.119+0800","message":"websocket.PingMessage ","type":9,"ecs.version":"1.6.0"}
{"log.level":"INFO","@timestamp":"2025-08-30T17:29:24.109+0800","message":"get a message ","body":"{\"authToken\":\"335b084462661fd119cd3c3177675876.50b1a1e0000f6fde394850bba9ecd301\",\"roomId\":1,\"serverId\":\"local\",\"type\":\"h5\"}","ecs.version":"1.6.0"}
{"log.level":"INFO","@timestamp":"2025-08-30T17:29:24.109+0800","message":"websocket rpc call return userId:%d,RoomId:%d","userId":1024,"RoomId":1,"ecs.version":"1.6.0"}
{"log.level":"INFO","@timestamp":"2025-08-30T17:29:30.113+0800","message":"start exec disConnect ...","ecs.version":"1.6.0"}
{"log.level":"INFO","@timestamp":"2025-08-30T17:29:30.114+0800","message":"exec disConnect ...","ecs.version":"1.6.0"}
{"log.level":"INFO","@timestamp":"2025-08-30T17:29:34.114+0800","message":"get a message ","body":"{\"authToken\":\"335b084462661fd119cd3c3177675876.50b1a1e0000f6fde394850bba9ecd301\",\"roomId\":1,\"serverId\":\"local\",\"type\":\"h5\"}","ecs.version":"1.6.0"}
{"log.level":"INFO","@timestamp":"2025-08-30T17:29:34.114+0800","message":"websocket rpc call return userId:%d,RoomId:%d","userId":1024,"RoomId":1,"ecs.version":"1.6.0"}
{"log.level":"INFO","@timestamp":"2025-08-30T17:29:37.780+0800","message":"websocket.PingMessage ","type":9,"ecs.version":"1.6.0"}
{"log.level":"INFO","@timestamp":"2025-08-30T17:29:40.116+0800","message":"start exec disConnect ...","ecs.version":"1.6.0"}
{"log.level":"INFO","@timestamp":"2025-08-30T17:29:40.117+0800","message":"exec disConnect ...","ecs.version":"1.6.0"}
{"log.level":"INFO","@timestamp":"2025-08-30T17:29:44.117+0800","message":"get a message ","body":"{\"authToken\":\"335b084462661fd119cd3c3177675876.50b1a1e0000f6fde394850bba9ecd301\",\"roomId\":1,\"serverId\":\"local\",\"type\":\"h5\"}","ecs.version":"1.6.0"}
{"log.level":"INFO","@timestamp":"2025-08-30T17:29:44.117+0800","message":"websocket rpc call return userId:%d,RoomId:%d","userId":1024,"RoomId":1,"ecs.version":"1.6.0"}
{"log.level":"INFO","@timestamp":"2025-08-30T17:29:48.112+0800","message":"websocket.PingMessage ","type":9,"ecs.version":"1.6.0"}
